<?xml version="1.0" encoding="UTF-8"?>
<coverage generated="1686395388801" clover="3.2.0">
  <project timestamp="1686395388801" name="All files">
    <metrics statements="11" coveredstatements="5" conditionals="0" coveredconditionals="0" methods="4" coveredmethods="1" elements="15" coveredelements="6" complexity="0" loc="11" ncloc="11" packages="1" files="1" classes="1"/>
    <file name="Login.tsx" path="C:\Users\danug\Documents\documentos de DANIEL\Pruebas técnicas\La_liga\prueba-tecnica-frontend-laliga\client\src\components\Login\Login.tsx">
      <metrics statements="11" coveredstatements="5" conditionals="0" coveredconditionals="0" methods="4" coveredmethods="1"/>
      <line num="4" count="1" type="stmt"/>
      <line num="5" count="1" type="stmt"/>
      <line num="6" count="1" type="stmt"/>
      <line num="11" count="1" type="stmt"/>
      <line num="12" count="0" type="stmt"/>
      <line num="13" count="0" type="stmt"/>
      <line num="16" count="1" type="stmt"/>
      <line num="59" count="0" type="stmt"/>
      <line num="60" count="0" type="stmt"/>
      <line num="68" count="0" type="stmt"/>
      <line num="69" count="0" type="stmt"/>
    </file>
  </project>
</coverage>
