{"C:\\Users\\danug\\Documents\\documentos de DANIEL\\Pruebas técnicas\\La_liga\\prueba-tecnica-frontend-laliga\\client\\src\\components\\Login\\Login.tsx": {"path":"C:\\Users\\danug\\Documents\\documentos de DANIEL\\Pruebas técnicas\\La_liga\\prueba-tecnica-frontend-laliga\\client\\src\\components\\Login\\Login.tsx","statementMap":{"0":{"start":{"line":4,"column":21},"end":{"line":86,"column":1}},"1":{"start":{"line":5,"column":19},"end":{"line":5,"column":35}},"2":{"start":{"line":6,"column":48},"end":{"line":9,"column":4}},"3":{"start":{"line":11,"column":23},"end":{"line":14,"column":3}},"4":{"start":{"line":12,"column":4},"end":{"line":12,"column":23}},"5":{"start":{"line":13,"column":4},"end":{"line":13,"column":72}},"6":{"start":{"line":16,"column":2},"end":{"line":85,"column":4}},"7":{"start":{"line":59,"column":31},"end":{"line":59,"column":45}},"8":{"start":{"line":60,"column":12},"end":{"line":60,"column":76}},"9":{"start":{"line":68,"column":34},"end":{"line":68,"column":48}},"10":{"start":{"line":69,"column":12},"end":{"line":72,"column":15}}},"fnMap":{"0":{"name":"(anonymous_0)","decl":{"start":{"line":4,"column":21},"end":{"line":4,"column":22}},"loc":{"start":{"line":4,"column":27},"end":{"line":86,"column":1}},"line":4},"1":{"name":"(anonymous_1)","decl":{"start":{"line":11,"column":23},"end":{"line":11,"column":24}},"loc":{"start":{"line":11,"column":62},"end":{"line":14,"column":3}},"line":11},"2":{"name":"(anonymous_2)","decl":{"start":{"line":58,"column":20},"end":{"line":58,"column":21}},"loc":{"start":{"line":58,"column":27},"end":{"line":61,"column":11}},"line":58},"3":{"name":"(anonymous_3)","decl":{"start":{"line":67,"column":20},"end":{"line":67,"column":21}},"loc":{"start":{"line":67,"column":27},"end":{"line":73,"column":11}},"line":67}},"branchMap":{},"s":{"0":1,"1":1,"2":1,"3":1,"4":0,"5":0,"6":1,"7":0,"8":0,"9":0,"10":0},"f":{"0":1,"1":0,"2":0,"3":0},"b":{},"_coverageSchema":"1a1c01bbd47fc00a2c39e90264f33305004495a9","hash":"04c2d1b371af65ff9a65987b8f58d7fea136863e"}
}
